time="2023-09-12T12:51:30+07:00" level=info msg="{2023-09-12 12:51:26.690006519 +0700 WIB m=+0.005343205 4.205405274s 200 ::1 GET /api/v1/users PostmanRuntime/7.32.3}"
time="2023-09-12T12:52:50+07:00" level=error msg="{2023-09-12 12:51:26.690006519 +0700 WIB m=+0.005343205 1m24.226512016s 500 ::1 POST /api/v1/auth/register PostmanRuntime/7.32.3}"
time="2023-09-12T12:52:59+07:00" level=info msg="{2023-09-12 12:51:26.690006519 +0700 WIB m=+0.005343205 1m32.733926372s 201 ::1 POST /api/v1/auth/register PostmanRuntime/7.32.3}"
time="2023-09-12T12:53:35+07:00" level=error msg="{2023-09-12 12:51:26.690006519 +0700 WIB m=+0.005343205 2m9.268970737s 500 ::1 POST /api/v1/auth/login PostmanRuntime/7.32.3}"
time="2023-09-12T12:53:43+07:00" level=error msg="{2023-09-12 12:51:26.690006519 +0700 WIB m=+0.005343205 2m16.471160387s 500 ::1 POST /api/v1/auth/login PostmanRuntime/7.32.3}"
time="2023-09-12T12:53:58+07:00" level=info msg="{2023-09-12 12:51:26.690006519 +0700 WIB m=+0.005343205 2m31.852083493s 200 ::1 POST /api/v1/auth/login PostmanRuntime/7.32.3}"
time="2023-09-12T12:54:38+07:00" level=info msg="{2023-09-12 12:54:24.794182247 +0700 WIB m=+0.005791483 13.945105724s 200 ::1 PATCH /api/v1/auth/change-password PostmanRuntime/7.32.3}"
time="2023-09-12T12:54:43+07:00" level=error msg="{2023-09-12 12:54:24.794182247 +0700 WIB m=+0.005791483 18.565972442s 500 ::1 POST /api/v1/auth/login PostmanRuntime/7.32.3}"
time="2023-09-12T12:55:01+07:00" level=info msg="{2023-09-12 12:54:24.794182247 +0700 WIB m=+0.005791483 36.342743247s 200 ::1 GET /api/v1/users/628268ss82 PostmanRuntime/7.32.3}"
time="2023-09-12T12:57:08+07:00" level=info msg="{2023-09-12 12:54:24.794182247 +0700 WIB m=+0.005791483 2m43.569086197s 200 ::1 PUT /api/v1/users/update-username PostmanRuntime/7.32.3}"
time="2023-09-12T12:59:20+07:00" level=info msg="{2023-09-12 12:54:24.794182247 +0700 WIB m=+0.005791483 4m55.929970517s 200 ::1 GET /api/v1/users PostmanRuntime/7.32.3}"
time="2023-09-12T14:37:50+07:00" level=error msg="{2023-09-12 14:37:00.236720441 +0700 WIB m=+0.009067574 50.295815276s 500 ::1 POST /api/v1/auth/register PostmanRuntime/7.32.3}"
time="2023-09-12T14:38:04+07:00" level=info msg="{2023-09-12 14:37:00.236720441 +0700 WIB m=+0.009067574 1m4.471826685s 201 ::1 POST /api/v1/auth/register PostmanRuntime/7.32.3}"
time="2023-09-12T14:38:51+07:00" level=info msg="{2023-09-12 14:37:00.236720441 +0700 WIB m=+0.009067574 1m51.007867126s 200 ::1 POST /api/v1/auth/login PostmanRuntime/7.32.3}"
time="2023-09-12T14:40:15+07:00" level=info msg="{2023-09-12 14:37:00.236720441 +0700 WIB m=+0.009067574 3m15.096314166s 200 ::1 PUT /api/v1/users/update-username PostmanRuntime/7.32.3}"
time="2023-09-12T14:40:44+07:00" level=warning msg="{2023-09-12 14:37:00.236720441 +0700 WIB m=+0.009067574 3m44.735187872s 401 ::1 PUT /api/v1/users/update-username PostmanRuntime/7.32.3}"
time="2023-09-12T14:41:14+07:00" level=info msg="{2023-09-12 14:37:00.236720441 +0700 WIB m=+0.009067574 4m13.788883501s 200 ::1 PUT /api/v1/users/update-username PostmanRuntime/7.32.3}"
time="2023-09-12T14:41:41+07:00" level=info msg="{2023-09-12 14:37:00.236720441 +0700 WIB m=+0.009067574 4m40.833233523s 200 ::1 GET /api/v1/users PostmanRuntime/7.32.3}"
time="2023-09-12T14:44:40+07:00" level=info msg="{2023-09-12 14:37:00.236720441 +0700 WIB m=+0.009067574 7m40.004989214s 200 ::1 GET /api/v1/users/628268ss82 PostmanRuntime/7.32.3}"
time="2023-09-12T14:45:50+07:00" level=info msg="{2023-09-12 14:37:00.236720441 +0700 WIB m=+0.009067574 8m50.721757349s 200 ::1 PATCH /api/v1/auth/change-password PostmanRuntime/7.32.3}"
time="2023-09-12T14:47:18+07:00" level=error msg="{2023-09-12 14:37:00.236720441 +0700 WIB m=+0.009067574 10m18.427892235s 500 ::1 POST /api/v1/auth/login PostmanRuntime/7.32.3}"
time="2023-09-12T14:47:35+07:00" level=info msg="{2023-09-12 14:37:00.236720441 +0700 WIB m=+0.009067574 10m35.338107227s 200 ::1 POST /api/v1/auth/login PostmanRuntime/7.32.3}"
time="2023-09-12T14:51:48+07:00" level=info msg="{2023-09-12 14:51:42.518648699 +0700 WIB m=+0.008005488 6.209300509s 200 ::1 GET /api/v1/users/628268ss82 PostmanRuntime/7.32.3}"
time="2023-09-12T15:09:34+07:00" level=info msg="{2023-09-12 15:09:12.975310225 +0700 WIB m=+0.006527843 21.172449036s 201 ::1 POST /api/v1/auth/register PostmanRuntime/7.32.3}"
time="2023-09-12T15:10:15+07:00" level=error msg="{2023-09-12 15:09:12.975310225 +0700 WIB m=+0.006527843 1m2.843490771s 500 ::1 PATCH /api/v1/auth/change-password PostmanRuntime/7.32.3}"
time="2023-09-12T15:27:41+07:00" level=error msg="{2023-09-12 15:27:05.465484564 +0700 WIB m=+0.006028778 35.540736969s 500 ::1 PATCH /api/v1/auth/change-password PostmanRuntime/7.32.3}"
time="2023-09-12T15:27:43+07:00" level=error msg="{2023-09-12 15:27:05.465484564 +0700 WIB m=+0.006028778 38.149314188s 500 ::1 PATCH /api/v1/auth/change-password PostmanRuntime/7.32.3}"
time="2023-09-12T15:27:49+07:00" level=info msg="{2023-09-12 15:27:05.465484564 +0700 WIB m=+0.006028778 43.726218733s 200 ::1 PATCH /api/v1/auth/change-password PostmanRuntime/7.32.3}"
time="2023-09-12T15:33:06+07:00" level=error msg="{2023-09-12 15:32:57.488890982 +0700 WIB m=+0.005552198 8.84760849s 500 ::1 PATCH /api/v1/auth/change-password PostmanRuntime/7.32.3}"
time="2023-09-12T15:36:27+07:00" level=error msg="{2023-09-12 15:36:22.384360074 +0700 WIB m=+0.006057449 4.753961813s 500 ::1 PATCH /api/v1/auth/change-password PostmanRuntime/7.32.3}"
time="2023-09-12T15:50:40+07:00" level=error msg="{2023-09-12 15:50:34.562662004 +0700 WIB m=+0.006364239 5.855798368s 500 ::1 PATCH /api/v1/auth/change-password PostmanRuntime/7.32.3}"
time="2023-09-12T15:51:22+07:00" level=error msg="{2023-09-12 15:50:34.562662004 +0700 WIB m=+0.006364239 48.179028521s 500 ::1 PATCH /api/v1/auth/change-password PostmanRuntime/7.32.3}"
time="2023-09-12T15:52:05+07:00" level=error msg="{2023-09-12 15:50:34.562662004 +0700 WIB m=+0.006364239 1m31.047842828s 500 ::1 PATCH /api/v1/auth/change-password PostmanRuntime/7.32.3}"
time="2023-09-12T15:52:46+07:00" level=error msg="{2023-09-12 15:50:34.562662004 +0700 WIB m=+0.006364239 2m11.86897992s 500 ::1 POST /api/v1/auth/register PostmanRuntime/7.32.3}"
